2025-06-02 20:43:26,069 - INFO - Iniciando la aplicación Gestión de Clientes Sky
2025-06-02 20:43:59,367 - INFO - Contacto validado como teléfono: 1231231234
2025-06-02 20:43:59,373 - INFO - Cliente JA_20250602 guardado exitosamente en sky_clientes\cliente_JA_20250602.json
2025-06-02 20:45:49,723 - INFO - Cliente JA_20250602 guardado exitosamente en sky_clientes\cliente_JA_20250602.json
2025-06-02 20:49:39,512 - INFO - Iniciando la aplicación Gestión de Clientes Sky
2025-06-02 20:50:10,111 - INFO - Contacto validado como email: america@empresa.com
2025-06-02 20:50:10,216 - INFO - Cliente AA_20250602 guardado exitosamente en sky_clientes\cliente_AA_20250602.json
2025-06-02 20:50:34,394 - INFO - Cliente JA_20250602 guardado exitosamente en sky_clientes\cliente_JA_20250602.json
2025-06-02 20:50:41,669 - INFO - Cliente JA_20250602 eliminado exitosamente
2025-06-02 20:51:11,904 - INFO - Cliente AA_20250602 eliminado exitosamente
2025-06-02 21:12:29,652 - INFO - Iniciando la aplicación Gestión de Clientes Sky
2025-06-02 21:13:02,715 - INFO - Iniciando la aplicación Gestión de Clientes Sky
2025-06-02 21:13:13,750 - INFO - Contacto validado como teléfono: 1231231234
2025-06-02 21:13:13,753 - INFO - Cliente JA_20250602 guardado exitosamente en sky_clientes\cliente_JA_20250602.json
2025-06-02 21:13:33,991 - INFO - Contacto validado como teléfono: 1231231234
2025-06-02 21:13:33,992 - INFO - Cliente AR_20250602 guardado exitosamente en sky_clientes\cliente_AR_20250602.json
2025-06-02 21:13:51,472 - INFO - Contacto validado como teléfono: 1231231234
2025-06-02 21:13:51,475 - INFO - Cliente KR_20250602 guardado exitosamente en sky_clientes\cliente_KR_20250602.json
2025-06-02 21:14:03,866 - INFO - Cliente KR_20250602 eliminado exitosamente. Contador actualizado a 3
2025-06-02 21:15:23,458 - INFO - Cliente AR_20250602 eliminado exitosamente. Contador actualizado a 3
2025-06-02 21:15:34,666 - INFO - Cliente JA_20250602 eliminado exitosamente. Contador actualizado a 3
2025-06-02 21:16:16,410 - INFO - Contacto validado como email: jesus@ejemplo.com
2025-06-02 21:16:16,412 - INFO - Cliente JA_20250602 guardado exitosamente en sky_clientes\cliente_JA_20250602.json
2025-06-02 21:16:56,935 - INFO - Iniciando la aplicación Gestión de Clientes Sky
2025-06-02 21:17:01,694 - INFO - Cliente JA_20250602 eliminado exitosamente. Contador actualizado a 4
2025-06-02 21:46:34,656 - INFO - Iniciando la aplicación Gestión de Clientes Sky
2025-06-02 21:46:46,120 - INFO - Contacto validado como teléfono: 1231231234
2025-06-02 21:46:46,121 - INFO - Cliente JA_20250602 guardado exitosamente en sky_clientes\cliente_JA_20250602.json
2025-06-02 21:47:02,713 - INFO - Contacto validado como email: america@ejemplo.com
2025-06-02 21:47:02,715 - INFO - Cliente AR_20250602 guardado exitosamente en sky_clientes\cliente_AR_20250602.json
2025-06-02 21:47:18,664 - INFO - Cliente AR_20250602 guardado exitosamente en sky_clientes\cliente_AR_20250602.json
